<?xml version="1.0" encoding="UTF-8"?>
<!-- Generated by org.testng.reporters.JUnitXMLReporter -->
<testsuite hostname="LAPTOP-HSPQSV91" ignored="0" name="LoginPage and IFrame validation Test" tests="6" failures="0" timestamp="25 Nov 2018 12:56:25 GMT" time="238.281" errors="0">
  <testcase name="PasswortVergessen" time="2.579" classname="com.bonify.QA.Testcases.LoginPageTest"/>
  <testcase name="ValidationofLinks" time="34.543" classname="com.bonify.QA.Testcases.LoginPageTest"/>
  <testcase name="SignUpAsaNewUser" time="8.613" classname="com.bonify.QA.Testcases.LoginPageTest"/>
  <testcase name="LogintoApplication" time="0.753" classname="com.bonify.QA.Testcases.LoginPageTest"/>
  <testcase name="ValidateIFrameinFinanzen" time="16.914" classname="com.bonify.QA.Testcases.IFrameTest"/>
  <testcase name="ValidateIFrameinMobilFunk" time="22.76" classname="com.bonify.QA.Testcases.IFrameTest"/>
</testsuite> <!-- LoginPage and IFrame validation Test -->
