<?xml version="1.0" encoding="UTF-8"?>
<!-- Generated by org.testng.reporters.JUnitXMLReporter -->
<testsuite hostname="LAPTOP-HSPQSV91" ignored="0" name="LoginPage and IFrame validation Test" tests="6" failures="0" timestamp="25 Nov 2018 12:34:36 GMT" time="390.334" errors="0">
  <testcase name="PasswortVergessen" time="4.792" classname="com.bonify.QA.Testcases.LoginPageTest"/>
  <testcase name="ValidationofLinks" time="28.779" classname="com.bonify.QA.Testcases.LoginPageTest"/>
  <testcase name="SignUpAsaNewUser" time="8.104" classname="com.bonify.QA.Testcases.LoginPageTest"/>
  <testcase name="LogintoApplication" time="0.931" classname="com.bonify.QA.Testcases.LoginPageTest"/>
  <testcase name="ValidateIFrameinFinanzen" time="16.854" classname="com.bonify.QA.Testcases.IFrameTest"/>
  <testcase name="ValidateIFrameinMobilFunk" time="22.918" classname="com.bonify.QA.Testcases.IFrameTest"/>
</testsuite> <!-- LoginPage and IFrame validation Test -->
