<?xml version="1.0" encoding="UTF-8"?>
<testng-results skipped="0" failed="0" ignored="0" total="1" passed="1">
  <reporter-output>
  </reporter-output>
  <suite name="Default suite" duration-ms="63396" started-at="2018-11-26T12:29:12Z" finished-at="2018-11-26T12:30:16Z">
    <groups>
    </groups>
    <test name="Default test" duration-ms="63396" started-at="2018-11-26T12:29:12Z" finished-at="2018-11-26T12:30:16Z">
      <class name="com.bonify.QA.Individual.Testcases.ValidateIFrameinMobilFunk">
        <test-method status="PASS" signature="setUp()[pri:0, instance:com.bonify.QA.Individual.Testcases.ValidateIFrameinMobilFunk@1786f9d5]" name="setUp" is-config="true" duration-ms="29863" started-at="2018-11-26T12:29:12Z" finished-at="2018-11-26T12:29:42Z">
          <reporter-output>
          </reporter-output>
        </test-method> <!-- setUp -->
        <test-method status="PASS" signature="IFrameinMobilFunk()[pri:0, instance:com.bonify.QA.Individual.Testcases.ValidateIFrameinMobilFunk@1786f9d5]" name="IFrameinMobilFunk" duration-ms="32471" started-at="2018-11-26T12:29:42Z" finished-at="2018-11-26T12:30:14Z">
          <reporter-output>
          </reporter-output>
        </test-method> <!-- IFrameinMobilFunk -->
        <test-method status="PASS" signature="tearDown()[pri:0, instance:com.bonify.QA.Individual.Testcases.ValidateIFrameinMobilFunk@1786f9d5]" name="tearDown" is-config="true" duration-ms="1017" started-at="2018-11-26T12:30:15Z" finished-at="2018-11-26T12:30:16Z">
          <reporter-output>
          </reporter-output>
        </test-method> <!-- tearDown -->
      </class> <!-- com.bonify.QA.Individual.Testcases.ValidateIFrameinMobilFunk -->
    </test> <!-- Default test -->
  </suite> <!-- Default suite -->
</testng-results>
